[2020-10-12T16:02:36.393] [WARN] test - POST /statistic/getFisrtPageData {}
[2020-10-12T16:02:39.600] [WARN] test - POST /user/loginout { username: '' }
[2020-10-12T16:02:40.942] [WARN] test - POST /user/login { username: 'admin1', password: 'e10adc3949ba59abbe56e057f20f883e' }
[2020-10-12T16:02:40.978] [WARN] test - POST /statistic/getFisrtPageData {}
[2020-10-12T16:13:37.373] [WARN] test - POST /statistic/getFisrtPageData {}
[2020-10-12T16:13:56.379] [WARN] test - POST /user/updatePassword { username: 'admin1', origin: '123456', new: '123ffffA' }
[2020-10-12T16:30:23.379] [WARN] test - POST /statistic/getFisrtPageData {}
[2020-10-12T16:30:34.671] [WARN] test - POST /user/updatePassword {
  username: 'admin1',
  origin: 'e10adc3949ba59abbe56e057f20f883e',
  new: 'd0270cf849a4812cc46b2456fcce8ec6'
}
[2020-10-12T16:38:23.885] [WARN] test - POST /user/updatePassword {
  username: 'admin1',
  origin: 'e10adc3949ba59abbe56e057f20f883e',
  new: 'd0270cf849a4812cc46b2456fcce8ec6'
}
[2020-10-12T16:42:41.098] [WARN] test - POST /user/updatePassword {
  username: 'admin1',
  origin: 'e10adc3949ba59abbe56e057f20f883e',
  new: 'd0270cf849a4812cc46b2456fcce8ec6'
}
[2020-10-12T16:43:24.309] [WARN] test - POST /user/updatePassword {
  username: 'admin1',
  origin: 'e10adc3949ba59abbe56e057f20f883e',
  new: 'd0270cf849a4812cc46b2456fcce8ec6'
}
[2020-10-12T16:43:43.358] [WARN] test - POST /user/loginout { username: 'admin1' }
[2020-10-12T16:43:46.256] [WARN] test - POST /user/login { username: 'admin1', password: 'e10adc3949ba59abbe56e057f20f883e' }
[2020-10-12T16:43:49.923] [WARN] test - POST /user/login { username: 'admin1', password: 'd0270cf849a4812cc46b2456fcce8ec6' }
[2020-10-12T16:43:49.977] [WARN] test - POST /statistic/getFisrtPageData {}
[2020-10-12T16:44:07.449] [WARN] test - POST /user/updatePassword {
  username: 'admin1',
  origin: 'fdc259d2073868c8de8310c3756ffc73',
  new: 'd0270cf849a4812cc46b2456fcce8ec6'
}
[2020-10-12T16:44:28.694] [WARN] test - POST /user/updatePassword {
  username: 'admin1',
  origin: 'd0270cf849a4812cc46b2456fcce8ec6',
  new: 'e10adc3949ba59abbe56e057f20f883e'
}
[2020-10-12T16:49:20.623] [WARN] test - POST /user/updatePassword {
  username: 'admin1',
  origin: 'd0270cf849a4812cc46b2456fcce8ec6',
  new: 'e10adc3949ba59abbe56e057f20f883e'
}
[2020-10-12T16:52:20.301] [WARN] test - POST /user/updatePassword {
  username: 'admin1',
  origin: 'd0270cf849a4812cc46b2456fcce8ec6',
  new: 'e10adc3949ba59abbe56e057f20f883e'
}
[2020-10-12T16:54:05.703] [WARN] test - POST /user/updatePassword {
  username: 'admin1',
  origin: 'd0270cf849a4812cc46b2456fcce8ec6',
  new: 'e10adc3949ba59abbe56e057f20f883e'
}
[2020-10-12T16:54:49.746] [WARN] test - POST /user/updatePassword {
  username: 'admin1',
  origin: 'd0270cf849a4812cc46b2456fcce8ec6',
  new: 'e10adc3949ba59abbe56e057f20f883e'
}
[2020-10-12T16:54:57.312] [WARN] test - POST /user/updatePassword {
  username: 'admin1',
  origin: 'd0270cf849a4812cc46b2456fcce8ec6',
  new: 'e10adc3949ba59abbe56e057f20f883e'
}
[2020-10-12T16:56:13.089] [WARN] test - POST /user/updatePassword {
  username: 'admin1',
  origin: 'd0270cf849a4812cc46b2456fcce8ec6',
  new: 'e10adc3949ba59abbe56e057f20f883e'
}
[2020-10-12T16:57:10.935] [WARN] test - POST /user/updatePassword {
  username: 'admin1',
  origin: 'd0270cf849a4812cc46b2456fcce8ec6',
  new: 'e10adc3949ba59abbe56e057f20f883e'
}
[2020-10-12T16:59:00.785] [WARN] test - POST /user/updatePassword {
  username: 'admin1',
  origin: 'd0270cf849a4812cc46b2456fcce8ec6',
  new: 'e10adc3949ba59abbe56e057f20f883e'
}
[2020-10-12T16:59:36.675] [WARN] test - POST /user/updatePassword {
  username: 'admin1',
  origin: 'e10adc3949ba59abbe56e057f20f883e',
  new: 'e10adc3949ba59abbe56e057f20f883e'
}
