[2020-10-12T17:00:48.915] [WARN] test - POST /user/updatePassword {
  username: 'admin1',
  origin: 'e10adc3949ba59abbe56e057f20f883e',
  new: 'e10adc3949ba59abbe56e057f20f883e'
}
[2020-10-12T17:01:24.396] [WARN] test - POST /user/updatePassword {
  username: 'admin1',
  origin: 'aaa42296669b958c3cee6c0475c8093e',
  new: 'e10adc3949ba59abbe56e057f20f883e'
}
[2020-10-12T17:05:49.324] [WARN] test - POST /user/updatePassword {
  username: 'admin1',
  origin: 'aaa42296669b958c3cee6c0475c8093e',
  new: 'e10adc3949ba59abbe56e057f20f883e'
}
[2020-10-12T17:06:38.506] [WARN] test - POST /user/updatePassword {
  username: 'admin1',
  origin: 'e10adc3949ba59abbe56e057f20f883e',
  new: 'e10adc3949ba59abbe56e057f20f883e'
}
[2020-10-12T17:07:02.902] [WARN] test - POST /user/updatePassword {
  username: 'admin1',
  origin: 'e10adc3949ba59abbe56e057f20f883e',
  new: 'e10adc3949ba59abbe56e057f20f883e'
}
[2020-10-12T17:07:22.538] [WARN] test - POST /user/updatePassword {
  username: 'admin1',
  origin: 'e10adc3949ba59abbe56e057f20f883e',
  new: 'e10adc3949ba59abbe56e057f20f883e'
}
[2020-10-12T17:26:27.981] [WARN] test - POST /user/updatePassword {
  username: 'admin1',
  origin: 'e10adc3949ba59abbe56e057f20f883e',
  new: 'e10adc3949ba59abbe56e057f20f883e'
}
[2020-10-12T17:30:05.903] [WARN] test - POST /user/updatePassword {
  username: 'admin1',
  origin: 'fcea920f7412b5da7be0cf42b8c93759',
  new: 'e10adc3949ba59abbe56e057f20f883e'
}
[2020-10-12T17:30:17.059] [WARN] test - POST /user/updatePassword {
  username: 'admin1',
  origin: 'fcea920f7412b5da7be0cf42b8c93759',
  new: 'e10adc3949ba59abbe56e057f20f883e'
}
[2020-10-12T17:30:36.533] [WARN] test - POST /user/updatePassword {
  username: 'admin1',
  origin: 'fcea920f7412b5da7be0cf42b8c93759',
  new: 'e10adc3949ba59abbe56e057f20f883e'
}
[2020-10-12T17:31:25.387] [WARN] test - POST /user/updatePassword {
  username: 'admin1',
  origin: 'e10adc3949ba59abbe56e057f20f883e',
  new: 'e10adc3949ba59abbe56e057f20f883e'
}
[2020-10-12T17:34:30.138] [WARN] test - POST /user/updatePassword {
  username: 'admin1',
  origin: 'e10adc3949ba59abbe56e057f20f883e',
  new: 'e10adc3949ba59abbe56e057f20f883e'
}
[2020-10-12T17:38:39.634] [WARN] test - POST /user/updatePassword {
  username: 'admin1',
  origin: 'e10adc3949ba59abbe56e057f20f883e',
  new: 'e10adc3949ba59abbe56e057f20f883e'
}
[2020-10-12T17:39:03.788] [WARN] test - POST /user/updatePassword {
  username: 'admin1',
  origin: 'e10adc3949ba59abbe56e057f20f883e',
  new: 'e10adc3949ba59abbe56e057f20f883e'
}
[2020-10-12T17:39:14.852] [WARN] test - POST /user/updatePassword {
  username: 'admin1',
  origin: 'e10adc3949ba59abbe56e057f20f883e',
  new: 'fcea920f7412b5da7be0cf42b8c93759'
}
[2020-10-12T17:39:41.171] [WARN] test - POST /manage/sys_config_list {}
[2020-10-12T17:43:13.490] [WARN] test - POST /user/updatePassword {
  username: 'admin1',
  origin: 'a98f6f64e6cdfac22ab2ffd15a7241e3',
  new: '343d9040a671c45832ee5381860e2996'
}
[2020-10-12T17:49:06.367] [WARN] test - POST /user/updatePassword {
  username: 'admin1',
  origin: 'a98f6f64e6cdfac22ab2ffd15a7241e3',
  new: '343d9040a671c45832ee5381860e2996'
}
[2020-10-12T17:49:23.968] [WARN] test - POST /user/updatePassword {
  username: 'admin1',
  origin: 'a98f6f64e6cdfac22ab2ffd15a7241e3',
  new: '343d9040a671c45832ee5381860e2996'
}
[2020-10-12T17:50:02.286] [WARN] test - POST /user/updatePassword {
  username: 'admin1',
  origin: '8f60c8102d29fcd525162d02eed4566b',
  new: '8f60c8102d29fcd525162d02eed4566b'
}
[2020-10-12T17:50:08.319] [WARN] test - POST /user/updatePassword {
  username: 'admin1',
  origin: 'e10adc3949ba59abbe56e057f20f883e',
  new: '8f60c8102d29fcd525162d02eed4566b'
}
[2020-10-12T17:50:15.167] [WARN] test - POST /user/updatePassword {
  username: 'admin1',
  origin: 'fcea920f7412b5da7be0cf42b8c93759',
  new: '8f60c8102d29fcd525162d02eed4566b'
}
[2020-10-12T17:50:31.069] [WARN] test - POST /manage/sys_config_list {}
[2020-10-12T17:54:46.416] [WARN] test - POST /manage/sys_config_list {}
[2020-10-12T17:54:49.056] [WARN] test - POST /manage/sys_config_list {}
[2020-10-12T17:55:06.510] [WARN] test - POST /user/updatePassword {
  username: 'admin1',
  origin: 'fcea920f7412b5da7be0cf42b8c93759',
  new: 'e10adc3949ba59abbe56e057f20f883e'
}
[2020-10-12T17:55:13.801] [WARN] test - POST /user/updatePassword {
  username: 'admin1',
  origin: 'e10adc3949ba59abbe56e057f20f883e',
  new: 'e10adc3949ba59abbe56e057f20f883e'
}
[2020-10-12T17:55:38.976] [WARN] test - POST /user/updatePassword {
  username: 'admin1',
  origin: '8f60c8102d29fcd525162d02eed4566b',
  new: 'e10adc3949ba59abbe56e057f20f883e'
}
[2020-10-12T17:55:48.384] [WARN] test - POST /manage/sys_config_list {}
[2020-10-12T17:55:56.278] [WARN] test - POST /manage/sys_config_list {}
[2020-10-12T17:56:57.299] [WARN] test - POST /user/updatePassword {
  username: 'admin1',
  origin: 'e10adc3949ba59abbe56e057f20f883e',
  new: 'fcea920f7412b5da7be0cf42b8c93759'
}
[2020-10-12T17:57:14.779] [WARN] test - POST /user/login { username: 'admin1', password: 'e10adc3949ba59abbe56e057f20f883e' }
[2020-10-12T17:57:14.882] [WARN] test - POST /manage/sys_config_list {}
[2020-10-12T17:57:30.664] [WARN] test - POST /manage/sys_config_list {}
