[2020-10-13T10:01:00.501] [WARN] test - POST /manage/sys_config_list {}
[2020-10-13T10:01:28.269] [WARN] test - POST /user/updatePassword {
  username: 'admin1',
  origin: 'e10adc3949ba59abbe56e057f20f883e',
  new: 'fcea920f7412b5da7be0cf42b8c93759'
}
[2020-10-13T10:01:39.300] [WARN] test - POST /user/login { username: 'admin1', password: 'e10adc3949ba59abbe56e057f20f883e' }
[2020-10-13T10:01:39.382] [WARN] test - POST /manage/sys_config_list {}
[2020-10-13T10:01:54.485] [WARN] test - POST /user/updatePassword {
  username: 'admin1',
  origin: 'e10adc3949ba59abbe56e057f20f883e',
  new: 'fcea920f7412b5da7be0cf42b8c93759'
}
[2020-10-13T10:02:20.436] [WARN] test - POST /user/updatePassword {
  username: 'admin1',
  origin: 'e10adc3949ba59abbe56e057f20f883e',
  new: 'fcea920f7412b5da7be0cf42b8c93759'
}
[2020-10-13T10:02:30.607] [WARN] test - POST /user/login { username: 'admin1', password: 'e10adc3949ba59abbe56e057f20f883e' }
[2020-10-13T10:02:31.669] [WARN] test - POST /user/login { username: 'admin1', password: 'e10adc3949ba59abbe56e057f20f883e' }
[2020-10-13T10:02:34.015] [WARN] test - POST /user/login { username: 'admin1', password: 'fcea920f7412b5da7be0cf42b8c93759' }
[2020-10-13T10:02:34.120] [WARN] test - POST /manage/sys_config_list {}
[2020-10-13T10:02:52.301] [WARN] test - POST /user/updatePassword {
  username: 'admin1',
  origin: 'fcea920f7412b5da7be0cf42b8c93759',
  new: 'e10adc3949ba59abbe56e057f20f883e'
}
[2020-10-13T10:03:10.241] [WARN] test - POST /manage/sys_config_list {}
[2020-10-13T10:04:35.567] [WARN] test - POST /manage/sys_config_list {}
[2020-10-13T10:05:24.149] [WARN] test - POST /manage/sys_config_list {}
[2020-10-13T10:26:48.934] [WARN] test - POST /manage/sys_config_list {}
[2020-10-13T10:32:37.784] [WARN] test - POST /backstage/manage/sys_config_list {}
[2020-10-13T10:48:56.065] [WARN] test - POST /backstage/manage/sys_config_list {}
[2020-10-13T10:50:18.945] [WARN] test - POST /backstage/manage/sys_config_list {}
